
> ramana.dev@0.1.0 check-types C:\Users\thekk\ramanaportfolio
> tsc --noEmit --pretty

[96mrex-antigravity/src/app/(website)/layout.tsx[0m:[93m2[0m:[93m24[0m - [91merror[0m[90m TS2307: [0mCannot find module '@/components/navbar' or its corresponding type declarations.

[7m2[0m import { Navbar } from "@/components/navbar";
[7m [0m [91m                       ~~~~~~~~~~~~~~~~~~~~~[0m

[96mrex-antigravity/src/app/(website)/layout.tsx[0m:[93m3[0m:[93m24[0m - [91merror[0m[90m TS2307: [0mCannot find module '@/components/footer' or its corresponding type declarations.

[7m3[0m import { Footer } from "@/components/footer";
[7m [0m [91m                       ~~~~~~~~~~~~~~~~~~~~~[0m

[96mrex-antigravity/src/app/(website)/page.tsx[0m:[93m1[0m:[93m23[0m - [91merror[0m[90m TS2307: [0mCannot find module '@/components/about' or its corresponding type declarations.

[7m1[0m import { About } from "@/components/about";
[7m [0m [91m                      ~~~~~~~~~~~~~~~~~~~~[0m

[96mrex-antigravity/src/app/(website)/page.tsx[0m:[93m2[0m:[93m26[0m - [91merror[0m[90m TS2307: [0mCannot find module '@/components/download' or its corresponding type declarations.

[7m2[0m import { Download } from "@/components/download";
[7m [0m [91m                         ~~~~~~~~~~~~~~~~~~~~~~~[0m

[96mrex-antigravity/src/app/(website)/page.tsx[0m:[93m3[0m:[93m22[0m - [91merror[0m[90m TS2307: [0mCannot find module '@/components/hero' or its corresponding type declarations.

[7m3[0m import { Hero } from "@/components/hero";
[7m [0m [91m                     ~~~~~~~~~~~~~~~~~~~[0m

[96mrex-antigravity/src/app/api/auth/verify/route.ts[0m:[93m2[0m:[93m31[0m - [91merror[0m[90m TS2307: [0mCannot find module '@/lib/firebase-admin' or its corresponding type declarations.

[7m2[0m import { verifyIdToken } from "@/lib/firebase-admin";
[7m [0m [91m                              ~~~~~~~~~~~~~~~~~~~~~~[0m

[96mrex-antigravity/src/app/api/upload-document/route.ts[0m:[93m2[0m:[93m26[0m - [91merror[0m[90m TS2307: [0mCannot find module '@/lib/supabase' or its corresponding type declarations.

[7m2[0m import { supabase } from '@/lib/supabase'
[7m [0m [91m                         ~~~~~~~~~~~~~~~~[0m

[96mrex-antigravity/src/app/api/upload-document/route.ts[0m:[93m3[0m:[93m30[0m - [91merror[0m[90m TS2307: [0mCannot find module 'uuid' or its corresponding type declarations.

[7m3[0m import { v4 as uuidv4 } from 'uuid'
[7m [0m [91m                             ~~~~~~[0m

[96mrex-antigravity/src/app/dashboard/layout.tsx[0m:[93m1[0m:[93m34[0m - [91merror[0m[90m TS2307: [0mCannot find module '@/components/dashboard/sidebar' or its corresponding type declarations.

[7m1[0m import { DashboardSidebar } from "@/components/dashboard/sidebar"
[7m [0m [91m                                 ~~~~~~~~~~~~~~~~~~~~~~~~~~~~~~~~[0m

[96mrex-antigravity/src/app/dashboard/layout.tsx[0m:[93m2[0m:[93m38[0m - [91merror[0m[90m TS2307: [0mCannot find module '@/components/dashboard/notification-dropdown' or its corresponding type declarations.

[7m2[0m import { NotificationDropdown } from "@/components/dashboard/notification-dropdown"
[7m [0m [91m                                     ~~~~~~~~~~~~~~~~~~~~~~~~~~~~~~~~~~~~~~~~~~~~~~[0m

[96mrex-antigravity/src/app/dashboard/layout.tsx[0m:[93m3[0m:[93m28[0m - [91merror[0m[90m TS2307: [0mCannot find module '@/components/dashboard/user-avatar' or its corresponding type declarations.

[7m3[0m import { UserAvatar } from "@/components/dashboard/user-avatar"
[7m [0m [91m                           ~~~~~~~~~~~~~~~~~~~~~~~~~~~~~~~~~~~~[0m

[96mrex-antigravity/src/app/dashboard/page.tsx[0m:[93m2[0m:[93m27[0m - [91merror[0m[90m TS2307: [0mCannot find module '@/components/dashboard/stats-card' or its corresponding type declarations.

[7m2[0m import { StatsCard } from "@/components/dashboard/stats-card"
[7m [0m [91m                          ~~~~~~~~~~~~~~~~~~~~~~~~~~~~~~~~~~~[0m

[96mrex-antigravity/src/app/dashboard/patients/page.tsx[0m:[93m3[0m:[93m27[0m - [91merror[0m[90m TS2307: [0mCannot find module '@/components/dashboard/stats-card' or its corresponding type declarations.

[7m3[0m import { StatsCard } from "@/components/dashboard/stats-card"
[7m [0m [91m                          ~~~~~~~~~~~~~~~~~~~~~~~~~~~~~~~~~~~[0m

[96mrex-antigravity/src/app/dashboard/patients/page.tsx[0m:[93m7[0m:[93m23[0m - [91merror[0m[90m TS2307: [0mCannot find module '@/components/ui/badge' or its corresponding type declarations.

[7m7[0m import { Badge } from "@/components/ui/badge"
[7m [0m [91m                      ~~~~~~~~~~~~~~~~~~~~~~~[0m

[96mrex-antigravity/src/app/dashboard/patients/page.tsx[0m:[93m8[0m:[93m53[0m - [91merror[0m[90m TS2307: [0mCannot find module '@/components/ui/avatar' or its corresponding type declarations.

[7m8[0m import { Avatar, AvatarFallback, AvatarImage } from "@/components/ui/avatar"
[7m [0m [91m                                                    ~~~~~~~~~~~~~~~~~~~~~~~~[0m

[96mrex-antigravity/src/app/dashboard/patients/page.tsx[0m:[93m37[0m:[93m33[0m - [91merror[0m[90m TS2307: [0mCannot find module '@/components/dashboard/add-patient-modal' or its corresponding type declarations.

[7m37[0m import { AddPatientModal } from "@/components/dashboard/add-patient-modal"
[7m  [0m [91m                                ~~~~~~~~~~~~~~~~~~~~~~~~~~~~~~~~~~~~~~~~~~[0m

[96mrex-antigravity/src/app/dashboard/patients/page.tsx[0m:[93m38[0m:[93m37[0m - [91merror[0m[90m TS2307: [0mCannot find module '@/components/dashboard/patient-profile-modal' or its corresponding type declarations.

[7m38[0m import { PatientProfileModal } from "@/components/dashboard/patient-profile-modal" // Import
[7m  [0m [91m                                    ~~~~~~~~~~~~~~~~~~~~~~~~~~~~~~~~~~~~~~~~~~~~~~[0m

[96mrex-antigravity/src/app/dashboard/reports/page.tsx[0m:[93m4[0m:[93m27[0m - [91merror[0m[90m TS2307: [0mCannot find module '@/components/dashboard/stats-card' or its corresponding type declarations.

[7m4[0m import { StatsCard } from "@/components/dashboard/stats-card"
[7m [0m [91m                          ~~~~~~~~~~~~~~~~~~~~~~~~~~~~~~~~~~~[0m

[96mrex-antigravity/src/app/dashboard/reports/page.tsx[0m:[93m8[0m:[93m23[0m - [91merror[0m[90m TS2307: [0mCannot find module '@/components/ui/badge' or its corresponding type declarations.

[7m8[0m import { Badge } from "@/components/ui/badge"
[7m [0m [91m                      ~~~~~~~~~~~~~~~~~~~~~~~[0m

[96mrex-antigravity/src/app/dashboard/reports/page.tsx[0m:[93m25[0m:[93m35[0m - [91merror[0m[90m TS2307: [0mCannot find module '@/components/dashboard/upload-report-modal' or its corresponding type declarations.

[7m25[0m import { UploadReportModal } from "@/components/dashboard/upload-report-modal" // Import Modal
[7m  [0m [91m                                  ~~~~~~~~~~~~~~~~~~~~~~~~~~~~~~~~~~~~~~~~~~~~[0m

[96mrex-antigravity/src/app/dashboard/schedule/page.tsx[0m:[93m5[0m:[93m26[0m - [91merror[0m[90m TS2307: [0mCannot find module '@/components/ui/calendar' or its corresponding type declarations.

[7m5[0m import { Calendar } from "@/components/ui/calendar"
[7m [0m [91m                         ~~~~~~~~~~~~~~~~~~~~~~~~~~[0m

[96mrex-antigravity/src/app/dashboard/schedule/page.tsx[0m:[93m6[0m:[93m75[0m - [91merror[0m[90m TS2307: [0mCannot find module '@/components/ui/card' or its corresponding type declarations.

[7m6[0m import { Card, CardContent, CardDescription, CardHeader, CardTitle } from "@/components/ui/card"
[7m [0m [91m                                                                          ~~~~~~~~~~~~~~~~~~~~~~[0m

[96mrex-antigravity/src/app/dashboard/schedule/page.tsx[0m:[93m8[0m:[93m53[0m - [91merror[0m[90m TS2307: [0mCannot find module '@/components/ui/avatar' or its corresponding type declarations.

[7m8[0m import { Avatar, AvatarFallback, AvatarImage } from "@/components/ui/avatar"
[7m [0m [91m                                                    ~~~~~~~~~~~~~~~~~~~~~~~~[0m

[96mrex-antigravity/src/app/dashboard/schedule/page.tsx[0m:[93m9[0m:[93m23[0m - [91merror[0m[90m TS2307: [0mCannot find module '@/components/ui/badge' or its corresponding type declarations.

[7m9[0m import { Badge } from "@/components/ui/badge"
[7m [0m [91m                      ~~~~~~~~~~~~~~~~~~~~~~~[0m

[96mrex-antigravity/src/app/layout.tsx[0m:[93m4[0m:[93m31[0m - [91merror[0m[90m TS2307: [0mCannot find module '@/components/theme-provider' or its corresponding type declarations.

[7m4[0m import { ThemeProvider } from "@/components/theme-provider";
[7m [0m [91m                              ~~~~~~~~~~~~~~~~~~~~~~~~~~~~~[0m

[96mrex-antigravity/src/components/auth-modal.tsx[0m:[93m13[0m:[93m8[0m - [91merror[0m[90m TS2307: [0mCannot find module '@/components/ui/card' or its corresponding type declarations.

[7m13[0m } from "@/components/ui/card"
[7m  [0m [91m       ~~~~~~~~~~~~~~~~~~~~~~[0m

[96mrex-antigravity/src/components/auth-modal.tsx[0m:[93m30[0m:[93m33[0m - [91merror[0m[90m TS2307: [0mCannot find module '@/lib/firebase' or its corresponding type declarations.

[7m30[0m import { getFirebaseAuth } from "@/lib/firebase"
[7m  [0m [91m                                ~~~~~~~~~~~~~~~~[0m

[96mrex-antigravity/src/components/auth-modal.tsx[0m:[93m34[0m:[93m8[0m - [91merror[0m[90m TS2307: [0mCannot find module 'firebase/auth' or its corresponding type declarations.

[7m34[0m } from "firebase/auth"
[7m  [0m [91m       ~~~~~~~~~~~~~~~[0m

[96mrex-antigravity/src/components/auth-modal.tsx[0m:[93m71[0m:[93m29[0m - [91merror[0m[90m TS18046: [0m'data' is of type 'unknown'.

[7m71[0m             throw new Error(data.error || "Verification failed");
[7m  [0m [91m                            ~~~~[0m

[96mrex-antigravity/src/components/dashboard/document-upload.tsx[0m:[93m22[0m:[93m8[0m - [91merror[0m[90m TS2307: [0mCannot find module '@/components/ui/select' or its corresponding type declarations.

[7m22[0m } from "@/components/ui/select"
[7m  [0m [91m       ~~~~~~~~~~~~~~~~~~~~~~~~[0m

[96mrex-antigravity/src/components/dashboard/document-upload.tsx[0m:[93m104[0m:[93m33[0m - [91merror[0m[90m TS18046: [0m'data' is of type 'unknown'.

[7m104[0m                 throw new Error(data.error || 'Upload failed')
[7m   [0m [91m                                ~~~~[0m

[96mrex-antigravity/src/components/dashboard/notification-dropdown.tsx[0m:[93m9[0m:[93m8[0m - [91merror[0m[90m TS2307: [0mCannot find module '@/components/ui/popover' or its corresponding type declarations.

[7m9[0m } from "@/components/ui/popover"
[7m [0m [91m       ~~~~~~~~~~~~~~~~~~~~~~~~~[0m

[96mrex-antigravity/src/components/dashboard/patient-profile-modal.tsx[0m:[93m11[0m:[93m53[0m - [91merror[0m[90m TS2307: [0mCannot find module '@/components/ui/avatar' or its corresponding type declarations.

[7m11[0m import { Avatar, AvatarFallback, AvatarImage } from "@/components/ui/avatar"
[7m  [0m [91m                                                    ~~~~~~~~~~~~~~~~~~~~~~~~[0m

[96mrex-antigravity/src/components/dashboard/patient-profile-modal.tsx[0m:[93m12[0m:[93m23[0m - [91merror[0m[90m TS2307: [0mCannot find module '@/components/ui/badge' or its corresponding type declarations.

[7m12[0m import { Badge } from "@/components/ui/badge"
[7m  [0m [91m                      ~~~~~~~~~~~~~~~~~~~~~~~[0m

[96mrex-antigravity/src/components/dashboard/sidebar.tsx[0m:[93m8[0m:[93m22[0m - [91merror[0m[90m TS2307: [0mCannot find module '@/components/logo' or its corresponding type declarations.

[7m8[0m import { Logo } from "@/components/logo"
[7m [0m [91m                     ~~~~~~~~~~~~~~~~~~~[0m

[96mrex-antigravity/src/components/dashboard/sidebar.tsx[0m:[93m9[0m:[93m33[0m - [91merror[0m[90m TS2307: [0mCannot find module '@/lib/firebase' or its corresponding type declarations.

[7m9[0m import { getFirebaseAuth } from "@/lib/firebase"
[7m [0m [91m                                ~~~~~~~~~~~~~~~~[0m

[96mrex-antigravity/src/components/dashboard/stats-card.tsx[0m:[93m2[0m:[93m58[0m - [91merror[0m[90m TS2307: [0mCannot find module '@/components/ui/card' or its corresponding type declarations.

[7m2[0m import { Card, CardContent, CardHeader, CardTitle } from "@/components/ui/card"
[7m [0m [91m                                                         ~~~~~~~~~~~~~~~~~~~~~~[0m

[96mrex-antigravity/src/components/dashboard/upload-report-modal.tsx[0m:[93m23[0m:[93m8[0m - [91merror[0m[90m TS2307: [0mCannot find module '@/components/ui/select' or its corresponding type declarations.

[7m23[0m } from "@/components/ui/select"
[7m  [0m [91m       ~~~~~~~~~~~~~~~~~~~~~~~~[0m

[96mrex-antigravity/src/components/dashboard/upload-report-modal.tsx[0m:[93m36[0m:[93m8[0m - [91merror[0m[90m TS2307: [0mCannot find module '@/components/ui/popover' or its corresponding type declarations.

[7m36[0m } from "@/components/ui/popover"
[7m  [0m [91m       ~~~~~~~~~~~~~~~~~~~~~~~~~[0m

[96mrex-antigravity/src/components/dashboard/upload-report-modal.tsx[0m:[93m145[0m:[93m33[0m - [91merror[0m[90m TS18046: [0m'data' is of type 'unknown'.

[7m145[0m                 throw new Error(data.error || 'Upload failed')
[7m   [0m [91m                                ~~~~[0m

[96mrex-antigravity/src/components/dashboard/user-avatar.tsx[0m:[93m14[0m:[93m40[0m - [91merror[0m[90m TS2307: [0mCannot find module '@/components/ui/avatar' or its corresponding type declarations.

[7m14[0m import { Avatar, AvatarFallback } from "@/components/ui/avatar"
[7m  [0m [91m                                       ~~~~~~~~~~~~~~~~~~~~~~~~[0m

[96mrex-antigravity/src/components/dashboard/user-avatar.tsx[0m:[93m15[0m:[93m33[0m - [91merror[0m[90m TS2307: [0mCannot find module '@/lib/firebase' or its corresponding type declarations.

[7m15[0m import { getFirebaseAuth } from "@/lib/firebase"
[7m  [0m [91m                                ~~~~~~~~~~~~~~~~[0m

[96mrex-antigravity/src/components/dashboard/user-avatar.tsx[0m:[93m16[0m:[93m25[0m - [91merror[0m[90m TS2307: [0mCannot find module 'firebase/auth' or its corresponding type declarations.

[7m16[0m import { signOut } from "firebase/auth"
[7m  [0m [91m                        ~~~~~~~~~~~~~~~[0m

[96mrex-antigravity/src/components/download.tsx[0m:[93m3[0m:[93m31[0m - [91merror[0m[90m TS2307: [0mCannot find module '@/components/download-modal' or its corresponding type declarations.

[7m3[0m import { DownloadModal } from "@/components/download-modal"
[7m [0m [91m                              ~~~~~~~~~~~~~~~~~~~~~~~~~~~~~[0m

[96mrex-antigravity/src/components/footer.tsx[0m:[93m6[0m:[93m22[0m - [91merror[0m[90m TS2307: [0mCannot find module '@/components/logo' or its corresponding type declarations.

[7m6[0m import { Logo } from "@/components/logo";
[7m [0m [91m                     ~~~~~~~~~~~~~~~~~~~[0m

[96mrex-antigravity/src/components/footer.tsx[0m:[93m7[0m:[93m31[0m - [91merror[0m[90m TS2307: [0mCannot find module '@/components/download-modal' or its corresponding type declarations.

[7m7[0m import { DownloadModal } from "@/components/download-modal";
[7m [0m [91m                              ~~~~~~~~~~~~~~~~~~~~~~~~~~~~~[0m

[96mrex-antigravity/src/components/hero.tsx[0m:[93m3[0m:[93m31[0m - [91merror[0m[90m TS2307: [0mCannot find module '@/components/download-modal' or its corresponding type declarations.

[7m3[0m import { DownloadModal } from "@/components/download-modal";
[7m [0m [91m                              ~~~~~~~~~~~~~~~~~~~~~~~~~~~~~[0m

[96mrex-antigravity/src/components/hero.tsx[0m:[93m4[0m:[93m22[0m - [91merror[0m[90m TS2307: [0mCannot find module '@/components/logo' or its corresponding type declarations.

[7m4[0m import { Logo } from "@/components/logo";
[7m [0m [91m                     ~~~~~~~~~~~~~~~~~~~[0m

[96mrex-antigravity/src/components/navbar.tsx[0m:[93m3[0m:[93m28[0m - [91merror[0m[90m TS2307: [0mCannot find module '@/components/mode-toggle' or its corresponding type declarations.

[7m3[0m import { ModeToggle } from "@/components/mode-toggle";
[7m [0m [91m                           ~~~~~~~~~~~~~~~~~~~~~~~~~~[0m

[96mrex-antigravity/src/components/navbar.tsx[0m:[93m4[0m:[93m22[0m - [91merror[0m[90m TS2307: [0mCannot find module '@/components/logo' or its corresponding type declarations.

[7m4[0m import { Logo } from "@/components/logo";
[7m [0m [91m                     ~~~~~~~~~~~~~~~~~~~[0m

[96mrex-antigravity/src/components/navbar.tsx[0m:[93m6[0m:[93m51[0m - [91merror[0m[90m TS2307: [0mCannot find module '@/components/ui/sheet' or its corresponding type declarations.

[7m6[0m import { Sheet, SheetContent, SheetTrigger } from "@/components/ui/sheet";
[7m [0m [91m                                                  ~~~~~~~~~~~~~~~~~~~~~~~[0m

[96mrex-antigravity/src/components/navbar.tsx[0m:[93m7[0m:[93m27[0m - [91merror[0m[90m TS2307: [0mCannot find module '@/components/auth-modal' or its corresponding type declarations.

[7m7[0m import { AuthModal } from "@/components/auth-modal";
[7m [0m [91m                          ~~~~~~~~~~~~~~~~~~~~~~~~~[0m

[96mrex-antigravity/src/components/ui/accordion.tsx[0m:[93m4[0m:[93m37[0m - [91merror[0m[90m TS2307: [0mCannot find module '@radix-ui/react-accordion' or its corresponding type declarations.

[7m4[0m import * as AccordionPrimitive from "@radix-ui/react-accordion"
[7m [0m [91m                                    ~~~~~~~~~~~~~~~~~~~~~~~~~~~[0m

[96mrex-antigravity/src/components/ui/avatar.tsx[0m:[93m4[0m:[93m34[0m - [91merror[0m[90m TS2307: [0mCannot find module '@radix-ui/react-avatar' or its corresponding type declarations.

[7m4[0m import * as AvatarPrimitive from "@radix-ui/react-avatar"
[7m [0m [91m                                 ~~~~~~~~~~~~~~~~~~~~~~~~[0m

[96mrex-antigravity/src/components/ui/button.tsx[0m:[93m2[0m:[93m22[0m - [91merror[0m[90m TS2307: [0mCannot find module '@radix-ui/react-slot' or its corresponding type declarations.

[7m2[0m import { Slot } from "@radix-ui/react-slot"
[7m [0m [91m                     ~~~~~~~~~~~~~~~~~~~~~~[0m

[96mrex-antigravity/src/components/ui/calendar.tsx[0m:[93m9[0m:[93m60[0m - [91merror[0m[90m TS2307: [0mCannot find module 'react-day-picker' or its corresponding type declarations.

[7m9[0m import { DayButton, DayPicker, getDefaultClassNames } from "react-day-picker"
[7m [0m [91m                                                           ~~~~~~~~~~~~~~~~~~[0m

[96mrex-antigravity/src/components/ui/calendar.tsx[0m:[93m39[0m:[93m31[0m - [91merror[0m[90m TS7006: [0mParameter 'date' implicitly has an 'any' type.

[7m39[0m         formatMonthDropdown: (date) =>
[7m  [0m [91m                              ~~~~[0m

[96mrex-antigravity/src/components/ui/calendar.tsx[0m:[93m128[0m:[93m18[0m - [91merror[0m[90m TS7031: [0mBinding element 'className' implicitly has an 'any' type.

[7m128[0m         Root: ({ className, rootRef, ...props }) => {
[7m   [0m [91m                 ~~~~~~~~~[0m

[96mrex-antigravity/src/components/ui/calendar.tsx[0m:[93m128[0m:[93m29[0m - [91merror[0m[90m TS7031: [0mBinding element 'rootRef' implicitly has an 'any' type.

[7m128[0m         Root: ({ className, rootRef, ...props }) => {
[7m   [0m [91m                            ~~~~~~~[0m

[96mrex-antigravity/src/components/ui/calendar.tsx[0m:[93m138[0m:[93m21[0m - [91merror[0m[90m TS7031: [0mBinding element 'className' implicitly has an 'any' type.

[7m138[0m         Chevron: ({ className, orientation, ...props }) => {
[7m   [0m [91m                    ~~~~~~~~~[0m

[96mrex-antigravity/src/components/ui/calendar.tsx[0m:[93m138[0m:[93m32[0m - [91merror[0m[90m TS7031: [0mBinding element 'orientation' implicitly has an 'any' type.

[7m138[0m         Chevron: ({ className, orientation, ...props }) => {
[7m   [0m [91m                               ~~~~~~~~~~~[0m

[96mrex-antigravity/src/components/ui/calendar.tsx[0m:[93m159[0m:[93m24[0m - [91merror[0m[90m TS7031: [0mBinding element 'children' implicitly has an 'any' type.

[7m159[0m         WeekNumber: ({ children, ...props }) => {
[7m   [0m [91m                       ~~~~~~~~[0m

[96mrex-antigravity/src/components/ui/command.tsx[0m:[93m4[0m:[93m34[0m - [91merror[0m[90m TS2307: [0mCannot find module '@radix-ui/react-dialog' or its corresponding type declarations.

[7m4[0m import { type DialogProps } from "@radix-ui/react-dialog"
[7m [0m [91m                                 ~~~~~~~~~~~~~~~~~~~~~~~~[0m

[96mrex-antigravity/src/components/ui/dialog.tsx[0m:[93m4[0m:[93m34[0m - [91merror[0m[90m TS2307: [0mCannot find module '@radix-ui/react-dialog' or its corresponding type declarations.

[7m4[0m import * as DialogPrimitive from "@radix-ui/react-dialog"
[7m [0m [91m                                 ~~~~~~~~~~~~~~~~~~~~~~~~[0m

[96mrex-antigravity/src/components/ui/dropdown-menu.tsx[0m:[93m4[0m:[93m40[0m - [91merror[0m[90m TS2307: [0mCannot find module '@radix-ui/react-dropdown-menu' or its corresponding type declarations.

[7m4[0m import * as DropdownMenuPrimitive from "@radix-ui/react-dropdown-menu"
[7m [0m [91m                                       ~~~~~~~~~~~~~~~~~~~~~~~~~~~~~~~[0m

[96mrex-antigravity/src/components/ui/label.tsx[0m:[93m4[0m:[93m33[0m - [91merror[0m[90m TS2307: [0mCannot find module '@radix-ui/react-label' or its corresponding type declarations.

[7m4[0m import * as LabelPrimitive from "@radix-ui/react-label"
[7m [0m [91m                                ~~~~~~~~~~~~~~~~~~~~~~~[0m

[96mrex-antigravity/src/components/ui/popover.tsx[0m:[93m4[0m:[93m35[0m - [91merror[0m[90m TS2307: [0mCannot find module '@radix-ui/react-popover' or its corresponding type declarations.

[7m4[0m import * as PopoverPrimitive from "@radix-ui/react-popover"
[7m [0m [91m                                  ~~~~~~~~~~~~~~~~~~~~~~~~~[0m

[96mrex-antigravity/src/components/ui/scroll-area.tsx[0m:[93m4[0m:[93m38[0m - [91merror[0m[90m TS2307: [0mCannot find module '@radix-ui/react-scroll-area' or its corresponding type declarations.

[7m4[0m import * as ScrollAreaPrimitive from "@radix-ui/react-scroll-area"
[7m [0m [91m                                     ~~~~~~~~~~~~~~~~~~~~~~~~~~~~~[0m

[96mrex-antigravity/src/components/ui/select.tsx[0m:[93m4[0m:[93m34[0m - [91merror[0m[90m TS2307: [0mCannot find module '@radix-ui/react-select' or its corresponding type declarations.

[7m4[0m import * as SelectPrimitive from "@radix-ui/react-select"
[7m [0m [91m                                 ~~~~~~~~~~~~~~~~~~~~~~~~[0m

[96mrex-antigravity/src/components/ui/sheet.tsx[0m:[93m4[0m:[93m33[0m - [91merror[0m[90m TS2307: [0mCannot find module '@radix-ui/react-dialog' or its corresponding type declarations.

[7m4[0m import * as SheetPrimitive from "@radix-ui/react-dialog"
[7m [0m [91m                                ~~~~~~~~~~~~~~~~~~~~~~~~[0m

[96mrex-antigravity/src/components/ui/sheet.tsx[0m:[93m59[0m:[93m22[0m - [91merror[0m[90m TS2339: [0mProperty 'className' does not exist on type 'SheetContentProps'.

[7m59[0m >(({ side = "right", className, children, ...props }, ref) => (
[7m  [0m [91m                     ~~~~~~~~~[0m

[96mrex-antigravity/src/components/ui/sheet.tsx[0m:[93m59[0m:[93m33[0m - [91merror[0m[90m TS2339: [0mProperty 'children' does not exist on type 'SheetContentProps'.

[7m59[0m >(({ side = "right", className, children, ...props }, ref) => (
[7m  [0m [91m                                ~~~~~~~~[0m

[96mrex-antigravity/src/components/ui/tabs.tsx[0m:[93m4[0m:[93m32[0m - [91merror[0m[90m TS2307: [0mCannot find module '@radix-ui/react-tabs' or its corresponding type declarations.

[7m4[0m import * as TabsPrimitive from "@radix-ui/react-tabs"
[7m [0m [91m                               ~~~~~~~~~~~~~~~~~~~~~~[0m

[96mrex-antigravity/src/lib/firebase-admin.ts[0m:[93m1[0m:[93m24[0m - [91merror[0m[90m TS2307: [0mCannot find module 'firebase-admin' or its corresponding type declarations.

[7m1[0m import * as admin from "firebase-admin";
[7m [0m [91m                       ~~~~~~~~~~~~~~~~[0m

[96mrex-antigravity/src/lib/firebase.ts[0m:[93m1[0m:[93m58[0m - [91merror[0m[90m TS2307: [0mCannot find module 'firebase/app' or its corresponding type declarations.

[7m1[0m import { initializeApp, getApps, type FirebaseApp } from "firebase/app";
[7m [0m [91m                                                         ~~~~~~~~~~~~~~[0m

[96mrex-antigravity/src/lib/firebase.ts[0m:[93m2[0m:[93m36[0m - [91merror[0m[90m TS2307: [0mCannot find module 'firebase/auth' or its corresponding type declarations.

[7m2[0m import { getAuth, type Auth } from "firebase/auth";
[7m [0m [91m                                   ~~~~~~~~~~~~~~~[0m

[96mrex-antigravity/src/lib/supabase.ts[0m:[93m1[0m:[93m30[0m - [91merror[0m[90m TS2307: [0mCannot find module '@supabase/supabase-js' or its corresponding type declarations.

[7m1[0m import { createClient } from '@supabase/supabase-js'
[7m [0m [91m                             ~~~~~~~~~~~~~~~~~~~~~~~[0m


Found 77 errors in 38 files.

Errors  Files
     2  rex-antigravity/src/app/(website)/layout.tsx[90m:2[0m
     3  rex-antigravity/src/app/(website)/page.tsx[90m:1[0m
     1  rex-antigravity/src/app/api/auth/verify/route.ts[90m:2[0m
     2  rex-antigravity/src/app/api/upload-document/route.ts[90m:2[0m
     3  rex-antigravity/src/app/dashboard/layout.tsx[90m:1[0m
     1  rex-antigravity/src/app/dashboard/page.tsx[90m:2[0m
     5  rex-antigravity/src/app/dashboard/patients/page.tsx[90m:3[0m
     3  rex-antigravity/src/app/dashboard/reports/page.tsx[90m:4[0m
     4  rex-antigravity/src/app/dashboard/schedule/page.tsx[90m:5[0m
     1  rex-antigravity/src/app/layout.tsx[90m:4[0m
     4  rex-antigravity/src/components/auth-modal.tsx[90m:13[0m
     2  rex-antigravity/src/components/dashboard/document-upload.tsx[90m:22[0m
     1  rex-antigravity/src/components/dashboard/notification-dropdown.tsx[90m:9[0m
     2  rex-antigravity/src/components/dashboard/patient-profile-modal.tsx[90m:11[0m
     2  rex-antigravity/src/components/dashboard/sidebar.tsx[90m:8[0m
     1  rex-antigravity/src/components/dashboard/stats-card.tsx[90m:2[0m
     3  rex-antigravity/src/components/dashboard/upload-report-modal.tsx[90m:23[0m
     3  rex-antigravity/src/components/dashboard/user-avatar.tsx[90m:14[0m
     1  rex-antigravity/src/components/download.tsx[90m:3[0m
     2  rex-antigravity/src/components/footer.tsx[90m:6[0m
     2  rex-antigravity/src/components/hero.tsx[90m:3[0m
     4  rex-antigravity/src/components/navbar.tsx[90m:3[0m
     1  rex-antigravity/src/components/ui/accordion.tsx[90m:4[0m
     1  rex-antigravity/src/components/ui/avatar.tsx[90m:4[0m
     1  rex-antigravity/src/components/ui/button.tsx[90m:2[0m
     7  rex-antigravity/src/components/ui/calendar.tsx[90m:9[0m
     1  rex-antigravity/src/components/ui/command.tsx[90m:4[0m
     1  rex-antigravity/src/components/ui/dialog.tsx[90m:4[0m
     1  rex-antigravity/src/components/ui/dropdown-menu.tsx[90m:4[0m
     1  rex-antigravity/src/components/ui/label.tsx[90m:4[0m
     1  rex-antigravity/src/components/ui/popover.tsx[90m:4[0m
     1  rex-antigravity/src/components/ui/scroll-area.tsx[90m:4[0m
     1  rex-antigravity/src/components/ui/select.tsx[90m:4[0m
     3  rex-antigravity/src/components/ui/sheet.tsx[90m:4[0m
     1  rex-antigravity/src/components/ui/tabs.tsx[90m:4[0m
     1  rex-antigravity/src/lib/firebase-admin.ts[90m:1[0m
     2  rex-antigravity/src/lib/firebase.ts[90m:1[0m
     1  rex-antigravity/src/lib/supabase.ts[90m:1[0m
ΓÇëELIFECYCLEΓÇë Command failed with exit code 1.
